[debug] [2021-05-05T18:59:59.328Z] ----------------------------------------------------------------------
[debug] [2021-05-05T18:59:59.331Z] Command:       C:\Program Files\nodejs\node.exe C:\Users\jessi\AppData\Roaming\npm\node_modules\firebase-tools\lib\bin\firebase.js emulators:start --only functions
[debug] [2021-05-05T18:59:59.332Z] CLI Version:   9.10.0
[debug] [2021-05-05T18:59:59.332Z] Platform:      win32
[debug] [2021-05-05T18:59:59.332Z] Node Version:  v14.16.1
[debug] [2021-05-05T18:59:59.333Z] Time:          Wed May 05 2021 14:59:59 GMT-0400 (Eastern Daylight Time)
[debug] [2021-05-05T18:59:59.333Z] ----------------------------------------------------------------------
[debug] 
[debug] [2021-05-05T18:59:59.346Z] > command requires scopes: ["email","openid","https://www.googleapis.com/auth/cloudplatformprojects.readonly","https://www.googleapis.com/auth/firebase","https://www.googleapis.com/auth/cloud-platform"]
[debug] [2021-05-05T18:59:59.346Z] > authorizing via signed-in user (jessicawu414@gmail.com)
[info] i  emulators: Starting emulators: functions {"metadata":{"emulator":{"name":"hub"},"message":"Starting emulators: functions"}}
[warn] !  emulators: It seems that you are running multiple instances of the emulator suite for project cb-tok-exhibition. This may result in unexpected behavior. 
[debug] [2021-05-05T18:59:59.381Z] [hub] writing locator at C:\Users\jessi\AppData\Local\Temp\hub-cb-tok-exhibition.json
[warn] !  functions: The following emulators are not running, calls to these services from the Functions emulator will affect production: auth, firestore, database, hosting, pubsub {"metadata":{"emulator":{"name":"functions"},"message":"The following emulators are not running, calls to these services from the Functions emulator will affect production: \u001b[1mauth, firestore, database, hosting, pubsub\u001b[22m"}}
[warn] !  Your requested "node" version "12" doesn't match your global version "14" {"metadata":{"emulator":{"name":"functions"},"message":"Your requested \"node\" version \"12\" doesn't match your global version \"14\""}}
[debug] [2021-05-05T18:59:59.409Z] defaultcredentials: writing to file C:\Users\jessi\AppData\Roaming\firebase\jessicawu414_gmail_com_application_default_credentials.json
[debug] [2021-05-05T18:59:59.410Z] Setting GAC to C:\Users\jessi\AppData\Roaming\firebase\jessicawu414_gmail_com_application_default_credentials.json {"metadata":{"emulator":{"name":"functions"},"message":"Setting GAC to C:\\Users\\jessi\\AppData\\Roaming\\firebase\\jessicawu414_gmail_com_application_default_credentials.json"}}
[debug] [2021-05-05T18:59:59.413Z] >>> [apiv2][query] GET https://firebase.googleapis.com/v1beta1/projects/cb-tok-exhibition/adminSdkConfig [none]
[debug] [2021-05-05T18:59:59.674Z] <<< [apiv2][status] GET https://firebase.googleapis.com/v1beta1/projects/cb-tok-exhibition/adminSdkConfig 200
[debug] [2021-05-05T18:59:59.675Z] <<< [apiv2][body] GET https://firebase.googleapis.com/v1beta1/projects/cb-tok-exhibition/adminSdkConfig {"projectId":"cb-tok-exhibition","databaseURL":"https://cb-tok-exhibition-default-rtdb.firebaseio.com","storageBucket":"cb-tok-exhibition.appspot.com","locationId":"us-east1"}
[warn] !  ui: Emulator UI unable to start on port 4000, starting on 4001 instead. {"metadata":{"emulator":{"name":"ui"},"message":"Emulator UI unable to start on port 4000, starting on 4001 instead."}}
[debug] [2021-05-05T18:59:59.724Z] Ignoring unsupported arg: auto_download {"metadata":{"emulator":{"name":"ui"},"message":"Ignoring unsupported arg: auto_download"}}
[debug] [2021-05-05T18:59:59.724Z] Ignoring unsupported arg: port {"metadata":{"emulator":{"name":"ui"},"message":"Ignoring unsupported arg: port"}}
[debug] [2021-05-05T18:59:59.724Z] Starting Emulator UI with command {"binary":"node","args":["C:\\Users\\jessi\\.cache\\firebase\\emulators\\ui-v1.4.2\\server.bundle.js"],"optionalArgs":[],"joinArgs":false} {"metadata":{"emulator":{"name":"ui"},"message":"Starting Emulator UI with command {\"binary\":\"node\",\"args\":[\"C:\\\\Users\\\\jessi\\\\.cache\\\\firebase\\\\emulators\\\\ui-v1.4.2\\\\server.bundle.js\"],\"optionalArgs\":[],\"joinArgs\":false}"}}
[info] i  ui: Emulator UI logging to ui-debug.log {"metadata":{"emulator":{"name":"ui"},"message":"Emulator UI logging to \u001b[1mui-debug.log\u001b[22m"}}
[debug] [2021-05-05T18:59:59.866Z] Web / API server started at http://localhost:4001
 {"metadata":{"emulator":{"name":"ui"},"message":"Web / API server started at http://localhost:4001\n"}}
[info] i  functions: Watching "C:\Users\jessi\Documents\PROGRAMMING\CB-TOK-Exhibition\functions" for Cloud Functions... {"metadata":{"emulator":{"name":"functions"},"message":"Watching \"C:\\Users\\jessi\\Documents\\PROGRAMMING\\CB-TOK-Exhibition\\functions\" for Cloud Functions..."}}
[debug] [2021-05-05T19:00:00.025Z] [worker-pool] addWorker(~diagnostic~) {"metadata":{"emulator":{"name":"functions"},"message":"[worker-pool] addWorker(~diagnostic~)"}}
[debug] [2021-05-05T19:00:00.026Z] [worker-pool] Adding worker with key ~diagnostic~, total=1 {"metadata":{"emulator":{"name":"functions"},"message":"[worker-pool] Adding worker with key ~diagnostic~, total=1"}}
[debug] [2021-05-05T19:00:00.026Z] [worker-pool] submitWork(triggerId=) {"metadata":{"emulator":{"name":"functions"},"message":"[worker-pool] submitWork(triggerId=)"}}
[debug] [2021-05-05T19:00:00.026Z] [worker-~diagnostic~-c227d861-d610-4cef-91be-e7ab7c978457]: Assigning socketPath: \\?\pipe\C:\Users\jessi\Documents\PROGRAMMING\CB-TOK-Exhibition\functions\18496 {"metadata":{"emulator":{"name":"functions"},"message":"[worker-~diagnostic~-c227d861-d610-4cef-91be-e7ab7c978457]: Assigning socketPath: \\\\?\\pipe\\C:\\Users\\jessi\\Documents\\PROGRAMMING\\CB-TOK-Exhibition\\functions\\18496"}}
[debug] [2021-05-05T19:00:00.027Z] [worker-~diagnostic~-c227d861-d610-4cef-91be-e7ab7c978457]: BUSY {"metadata":{"emulator":{"name":"functions"},"message":"[worker-~diagnostic~-c227d861-d610-4cef-91be-e7ab7c978457]: BUSY"}}
[debug] [2021-05-05T19:00:00.431Z] [runtime-status] [18496] Functions runtime initialized. {"cwd":"C:\\Users\\jessi\\Documents\\PROGRAMMING\\CB-TOK-Exhibition\\functions","node_version":"14.16.1"} {"metadata":{"emulator":{"name":"functions"},"message":"[runtime-status] [18496] Functions runtime initialized. {\"cwd\":\"C:\\\\Users\\\\jessi\\\\Documents\\\\PROGRAMMING\\\\CB-TOK-Exhibition\\\\functions\",\"node_version\":\"14.16.1\"}"}}
[debug] [2021-05-05T19:00:00.432Z] [runtime-status] [18496] Disabled runtime features: undefined {"metadata":{"emulator":{"name":"functions"},"message":"[runtime-status] [18496] Disabled runtime features: undefined"}}
[debug] [2021-05-05T19:00:00.436Z] [runtime-status] [18496] Resolved module firebase-admin {"declared":true,"installed":true,"version":"9.6.0","resolution":"C:\\Users\\jessi\\Documents\\PROGRAMMING\\CB-TOK-Exhibition\\functions\\node_modules\\firebase-admin\\lib\\index.js"} {"metadata":{"emulator":{"name":"functions"},"message":"[runtime-status] [18496] Resolved module firebase-admin {\"declared\":true,\"installed\":true,\"version\":\"9.6.0\",\"resolution\":\"C:\\\\Users\\\\jessi\\\\Documents\\\\PROGRAMMING\\\\CB-TOK-Exhibition\\\\functions\\\\node_modules\\\\firebase-admin\\\\lib\\\\index.js\"}"}}
[debug] [2021-05-05T19:00:00.438Z] [runtime-status] [18496] Resolved module firebase-functions {"declared":true,"installed":true,"version":"3.13.2","resolution":"C:\\Users\\jessi\\Documents\\PROGRAMMING\\CB-TOK-Exhibition\\functions\\node_modules\\firebase-functions\\lib\\index.js"} {"metadata":{"emulator":{"name":"functions"},"message":"[runtime-status] [18496] Resolved module firebase-functions {\"declared\":true,\"installed\":true,\"version\":\"3.13.2\",\"resolution\":\"C:\\\\Users\\\\jessi\\\\Documents\\\\PROGRAMMING\\\\CB-TOK-Exhibition\\\\functions\\\\node_modules\\\\firebase-functions\\\\lib\\\\index.js\"}"}}
[debug] [2021-05-05T19:00:00.441Z] [runtime-status] [18496] Resolved module firebase-functions {"declared":true,"installed":true,"version":"3.13.2","resolution":"C:\\Users\\jessi\\Documents\\PROGRAMMING\\CB-TOK-Exhibition\\functions\\node_modules\\firebase-functions\\lib\\index.js"} {"metadata":{"emulator":{"name":"functions"},"message":"[runtime-status] [18496] Resolved module firebase-functions {\"declared\":true,\"installed\":true,\"version\":\"3.13.2\",\"resolution\":\"C:\\\\Users\\\\jessi\\\\Documents\\\\PROGRAMMING\\\\CB-TOK-Exhibition\\\\functions\\\\node_modules\\\\firebase-functions\\\\lib\\\\index.js\"}"}}
[debug] [2021-05-05T19:00:00.444Z] [runtime-status] [18496] Outgoing network have been stubbed. [{"name":"http","status":"mocked"},{"name":"http","status":"mocked"},{"name":"https","status":"mocked"},{"name":"https","status":"mocked"},{"name":"net","status":"mocked"}] {"metadata":{"emulator":{"name":"functions"},"message":"[runtime-status] [18496] Outgoing network have been stubbed. [{\"name\":\"http\",\"status\":\"mocked\"},{\"name\":\"http\",\"status\":\"mocked\"},{\"name\":\"https\",\"status\":\"mocked\"},{\"name\":\"https\",\"status\":\"mocked\"},{\"name\":\"net\",\"status\":\"mocked\"}]"}}
[debug] [2021-05-05T19:00:00.445Z] [runtime-status] [18496] Resolved module firebase-functions {"declared":true,"installed":true,"version":"3.13.2","resolution":"C:\\Users\\jessi\\Documents\\PROGRAMMING\\CB-TOK-Exhibition\\functions\\node_modules\\firebase-functions\\lib\\index.js"} {"metadata":{"emulator":{"name":"functions"},"message":"[runtime-status] [18496] Resolved module firebase-functions {\"declared\":true,\"installed\":true,\"version\":\"3.13.2\",\"resolution\":\"C:\\\\Users\\\\jessi\\\\Documents\\\\PROGRAMMING\\\\CB-TOK-Exhibition\\\\functions\\\\node_modules\\\\firebase-functions\\\\lib\\\\index.js\"}"}}
[debug] [2021-05-05T19:00:00.555Z] [runtime-status] [18496] Checked functions.config() {"config":{}} {"metadata":{"emulator":{"name":"functions"},"message":"[runtime-status] [18496] Checked functions.config() {\"config\":{}}"}}
[debug] [2021-05-05T19:00:00.556Z] [runtime-status] [18496] firebase-functions has been stubbed. {"functionsResolution":{"declared":true,"installed":true,"version":"3.13.2","resolution":"C:\\Users\\jessi\\Documents\\PROGRAMMING\\CB-TOK-Exhibition\\functions\\node_modules\\firebase-functions\\lib\\index.js"}} {"metadata":{"emulator":{"name":"functions"},"message":"[runtime-status] [18496] firebase-functions has been stubbed. {\"functionsResolution\":{\"declared\":true,\"installed\":true,\"version\":\"3.13.2\",\"resolution\":\"C:\\\\Users\\\\jessi\\\\Documents\\\\PROGRAMMING\\\\CB-TOK-Exhibition\\\\functions\\\\node_modules\\\\firebase-functions\\\\lib\\\\index.js\"}}"}}
[debug] [2021-05-05T19:00:00.556Z] [runtime-status] [18496] Resolved module firebase-functions {"declared":true,"installed":true,"version":"3.13.2","resolution":"C:\\Users\\jessi\\Documents\\PROGRAMMING\\CB-TOK-Exhibition\\functions\\node_modules\\firebase-functions\\lib\\index.js"} {"metadata":{"emulator":{"name":"functions"},"message":"[runtime-status] [18496] Resolved module firebase-functions {\"declared\":true,\"installed\":true,\"version\":\"3.13.2\",\"resolution\":\"C:\\\\Users\\\\jessi\\\\Documents\\\\PROGRAMMING\\\\CB-TOK-Exhibition\\\\functions\\\\node_modules\\\\firebase-functions\\\\lib\\\\index.js\"}"}}
[debug] [2021-05-05T19:00:00.558Z] [runtime-status] [18496] Resolved module firebase-admin {"declared":true,"installed":true,"version":"9.6.0","resolution":"C:\\Users\\jessi\\Documents\\PROGRAMMING\\CB-TOK-Exhibition\\functions\\node_modules\\firebase-admin\\lib\\index.js"} {"metadata":{"emulator":{"name":"functions"},"message":"[runtime-status] [18496] Resolved module firebase-admin {\"declared\":true,\"installed\":true,\"version\":\"9.6.0\",\"resolution\":\"C:\\\\Users\\\\jessi\\\\Documents\\\\PROGRAMMING\\\\CB-TOK-Exhibition\\\\functions\\\\node_modules\\\\firebase-admin\\\\lib\\\\index.js\"}"}}
[debug] [2021-05-05T19:00:00.559Z] [runtime-status] [18496] Resolved module firebase-functions {"declared":true,"installed":true,"version":"3.13.2","resolution":"C:\\Users\\jessi\\Documents\\PROGRAMMING\\CB-TOK-Exhibition\\functions\\node_modules\\firebase-functions\\lib\\index.js"} {"metadata":{"emulator":{"name":"functions"},"message":"[runtime-status] [18496] Resolved module firebase-functions {\"declared\":true,\"installed\":true,\"version\":\"3.13.2\",\"resolution\":\"C:\\\\Users\\\\jessi\\\\Documents\\\\PROGRAMMING\\\\CB-TOK-Exhibition\\\\functions\\\\node_modules\\\\firebase-functions\\\\lib\\\\index.js\"}"}}
[debug] [2021-05-05T19:00:00.559Z] [runtime-status] [18496] firebase-admin has been stubbed. {"adminResolution":{"declared":true,"installed":true,"version":"9.6.0","resolution":"C:\\Users\\jessi\\Documents\\PROGRAMMING\\CB-TOK-Exhibition\\functions\\node_modules\\firebase-admin\\lib\\index.js"}} {"metadata":{"emulator":{"name":"functions"},"message":"[runtime-status] [18496] firebase-admin has been stubbed. {\"adminResolution\":{\"declared\":true,\"installed\":true,\"version\":\"9.6.0\",\"resolution\":\"C:\\\\Users\\\\jessi\\\\Documents\\\\PROGRAMMING\\\\CB-TOK-Exhibition\\\\functions\\\\node_modules\\\\firebase-admin\\\\lib\\\\index.js\"}}"}}
[info] +  functions[helloWorld]: http function initialized (http://localhost:5001/cb-tok-exhibition/us-central1/helloWorld). {"metadata":{"emulator":{"name":"functions"},"message":"\u001b[1mhttp\u001b[22m function initialized (http://localhost:5001/cb-tok-exhibition/us-central1/helloWorld)."}}
[info] +  functions[ftp]: http function initialized (http://localhost:5001/cb-tok-exhibition/us-central1/ftp). {"metadata":{"emulator":{"name":"functions"},"message":"\u001b[1mhttp\u001b[22m function initialized (http://localhost:5001/cb-tok-exhibition/us-central1/ftp)."}}
[info] 
┌─────────────────────────────────────────────────────────────┐
│ ✔  All emulators ready! It is now safe to connect your app. │
│ i  View Emulator UI at http://localhost:4001                │
└─────────────────────────────────────────────────────────────┘

┌───────────┬────────────────┬─────────────────────────────────┐
│ Emulator  │ Host:Port      │ View in Emulator UI             │
├───────────┼────────────────┼─────────────────────────────────┤
│ Functions │ localhost:5001 │ http://localhost:4001/functions │
└───────────┴────────────────┴─────────────────────────────────┘
  Emulator Hub running at localhost:4400
  Other reserved ports: 4500

Issues? Report them at https://github.com/firebase/firebase-tools/issues and attach the *-debug.log files.
 
[debug] [2021-05-05T19:00:00.789Z] [worker-~diagnostic~-c227d861-d610-4cef-91be-e7ab7c978457]: IDLE {"metadata":{"emulator":{"name":"functions"},"message":"[worker-~diagnostic~-c227d861-d610-4cef-91be-e7ab7c978457]: IDLE"}}
[debug] [2021-05-05T19:00:05.171Z] File C:\Users\jessi\Documents\PROGRAMMING\CB-TOK-Exhibition\functions\lib\index.js.map changed, reloading triggers {"metadata":{"emulator":{"name":"functions"},"message":"File C:\\Users\\jessi\\Documents\\PROGRAMMING\\CB-TOK-Exhibition\\functions\\lib\\index.js.map changed, reloading triggers"}}
[debug] [2021-05-05T19:00:05.173Z] File C:\Users\jessi\Documents\PROGRAMMING\CB-TOK-Exhibition\functions\lib\index.js changed, reloading triggers {"metadata":{"emulator":{"name":"functions"},"message":"File C:\\Users\\jessi\\Documents\\PROGRAMMING\\CB-TOK-Exhibition\\functions\\lib\\index.js changed, reloading triggers"}}
[debug] [2021-05-05T19:00:06.181Z] [worker-pool] Shutting down IDLE worker (~diagnostic~) {"metadata":{"emulator":{"name":"functions"},"message":"[worker-pool] Shutting down IDLE worker (~diagnostic~)"}}
[debug] [2021-05-05T19:00:06.181Z] [worker-~diagnostic~-c227d861-d610-4cef-91be-e7ab7c978457]: FINISHING {"metadata":{"emulator":{"name":"functions"},"message":"[worker-~diagnostic~-c227d861-d610-4cef-91be-e7ab7c978457]: FINISHING"}}
[debug] [2021-05-05T19:00:06.186Z] [worker-pool] addWorker(~diagnostic~) {"metadata":{"emulator":{"name":"functions"},"message":"[worker-pool] addWorker(~diagnostic~)"}}
[debug] [2021-05-05T19:00:06.186Z] [worker-pool] Adding worker with key ~diagnostic~, total=2 {"metadata":{"emulator":{"name":"functions"},"message":"[worker-pool] Adding worker with key ~diagnostic~, total=2"}}
[debug] [2021-05-05T19:00:06.187Z] [worker-pool] submitWork(triggerId=) {"metadata":{"emulator":{"name":"functions"},"message":"[worker-pool] submitWork(triggerId=)"}}
[debug] [2021-05-05T19:00:06.187Z] [worker-~diagnostic~-a060abac-d995-4cb2-a2ff-e72eaab4a5ea]: Assigning socketPath: \\?\pipe\C:\Users\jessi\Documents\PROGRAMMING\CB-TOK-Exhibition\functions\18116 {"metadata":{"emulator":{"name":"functions"},"message":"[worker-~diagnostic~-a060abac-d995-4cb2-a2ff-e72eaab4a5ea]: Assigning socketPath: \\\\?\\pipe\\C:\\Users\\jessi\\Documents\\PROGRAMMING\\CB-TOK-Exhibition\\functions\\18116"}}
[debug] [2021-05-05T19:00:06.187Z] [worker-~diagnostic~-a060abac-d995-4cb2-a2ff-e72eaab4a5ea]: BUSY {"metadata":{"emulator":{"name":"functions"},"message":"[worker-~diagnostic~-a060abac-d995-4cb2-a2ff-e72eaab4a5ea]: BUSY"}}
[debug] [2021-05-05T19:00:06.188Z] [worker-~diagnostic~-c227d861-d610-4cef-91be-e7ab7c978457]: exited {"metadata":{"emulator":{"name":"functions"},"message":"[worker-~diagnostic~-c227d861-d610-4cef-91be-e7ab7c978457]: exited"}}
[debug] [2021-05-05T19:00:06.189Z] [worker-~diagnostic~-c227d861-d610-4cef-91be-e7ab7c978457]: FINISHED {"metadata":{"emulator":{"name":"functions"},"message":"[worker-~diagnostic~-c227d861-d610-4cef-91be-e7ab7c978457]: FINISHED"}}
[debug] [2021-05-05T19:00:06.390Z] [runtime-status] [18116] Functions runtime initialized. {"cwd":"C:\\Users\\jessi\\Documents\\PROGRAMMING\\CB-TOK-Exhibition\\functions","node_version":"14.16.1"} {"metadata":{"emulator":{"name":"functions"},"message":"[runtime-status] [18116] Functions runtime initialized. {\"cwd\":\"C:\\\\Users\\\\jessi\\\\Documents\\\\PROGRAMMING\\\\CB-TOK-Exhibition\\\\functions\",\"node_version\":\"14.16.1\"}"}}
[debug] [2021-05-05T19:00:06.393Z] [runtime-status] [18116] Disabled runtime features: undefined {"metadata":{"emulator":{"name":"functions"},"message":"[runtime-status] [18116] Disabled runtime features: undefined"}}
[debug] [2021-05-05T19:00:06.396Z] [runtime-status] [18116] Resolved module firebase-admin {"declared":true,"installed":true,"version":"9.6.0","resolution":"C:\\Users\\jessi\\Documents\\PROGRAMMING\\CB-TOK-Exhibition\\functions\\node_modules\\firebase-admin\\lib\\index.js"} {"metadata":{"emulator":{"name":"functions"},"message":"[runtime-status] [18116] Resolved module firebase-admin {\"declared\":true,\"installed\":true,\"version\":\"9.6.0\",\"resolution\":\"C:\\\\Users\\\\jessi\\\\Documents\\\\PROGRAMMING\\\\CB-TOK-Exhibition\\\\functions\\\\node_modules\\\\firebase-admin\\\\lib\\\\index.js\"}"}}
[debug] [2021-05-05T19:00:06.398Z] [runtime-status] [18116] Resolved module firebase-functions {"declared":true,"installed":true,"version":"3.13.2","resolution":"C:\\Users\\jessi\\Documents\\PROGRAMMING\\CB-TOK-Exhibition\\functions\\node_modules\\firebase-functions\\lib\\index.js"} {"metadata":{"emulator":{"name":"functions"},"message":"[runtime-status] [18116] Resolved module firebase-functions {\"declared\":true,\"installed\":true,\"version\":\"3.13.2\",\"resolution\":\"C:\\\\Users\\\\jessi\\\\Documents\\\\PROGRAMMING\\\\CB-TOK-Exhibition\\\\functions\\\\node_modules\\\\firebase-functions\\\\lib\\\\index.js\"}"}}
[debug] [2021-05-05T19:00:06.399Z] [runtime-status] [18116] Resolved module firebase-functions {"declared":true,"installed":true,"version":"3.13.2","resolution":"C:\\Users\\jessi\\Documents\\PROGRAMMING\\CB-TOK-Exhibition\\functions\\node_modules\\firebase-functions\\lib\\index.js"} {"metadata":{"emulator":{"name":"functions"},"message":"[runtime-status] [18116] Resolved module firebase-functions {\"declared\":true,\"installed\":true,\"version\":\"3.13.2\",\"resolution\":\"C:\\\\Users\\\\jessi\\\\Documents\\\\PROGRAMMING\\\\CB-TOK-Exhibition\\\\functions\\\\node_modules\\\\firebase-functions\\\\lib\\\\index.js\"}"}}
[debug] [2021-05-05T19:00:06.401Z] [runtime-status] [18116] Outgoing network have been stubbed. [{"name":"http","status":"mocked"},{"name":"http","status":"mocked"},{"name":"https","status":"mocked"},{"name":"https","status":"mocked"},{"name":"net","status":"mocked"}] {"metadata":{"emulator":{"name":"functions"},"message":"[runtime-status] [18116] Outgoing network have been stubbed. [{\"name\":\"http\",\"status\":\"mocked\"},{\"name\":\"http\",\"status\":\"mocked\"},{\"name\":\"https\",\"status\":\"mocked\"},{\"name\":\"https\",\"status\":\"mocked\"},{\"name\":\"net\",\"status\":\"mocked\"}]"}}
[debug] [2021-05-05T19:00:06.402Z] [runtime-status] [18116] Resolved module firebase-functions {"declared":true,"installed":true,"version":"3.13.2","resolution":"C:\\Users\\jessi\\Documents\\PROGRAMMING\\CB-TOK-Exhibition\\functions\\node_modules\\firebase-functions\\lib\\index.js"} {"metadata":{"emulator":{"name":"functions"},"message":"[runtime-status] [18116] Resolved module firebase-functions {\"declared\":true,\"installed\":true,\"version\":\"3.13.2\",\"resolution\":\"C:\\\\Users\\\\jessi\\\\Documents\\\\PROGRAMMING\\\\CB-TOK-Exhibition\\\\functions\\\\node_modules\\\\firebase-functions\\\\lib\\\\index.js\"}"}}
[debug] [2021-05-05T19:00:06.455Z] [runtime-status] [18116] Checked functions.config() {"config":{}} {"metadata":{"emulator":{"name":"functions"},"message":"[runtime-status] [18116] Checked functions.config() {\"config\":{}}"}}
[debug] [2021-05-05T19:00:06.455Z] [runtime-status] [18116] firebase-functions has been stubbed. {"functionsResolution":{"declared":true,"installed":true,"version":"3.13.2","resolution":"C:\\Users\\jessi\\Documents\\PROGRAMMING\\CB-TOK-Exhibition\\functions\\node_modules\\firebase-functions\\lib\\index.js"}} {"metadata":{"emulator":{"name":"functions"},"message":"[runtime-status] [18116] firebase-functions has been stubbed. {\"functionsResolution\":{\"declared\":true,\"installed\":true,\"version\":\"3.13.2\",\"resolution\":\"C:\\\\Users\\\\jessi\\\\Documents\\\\PROGRAMMING\\\\CB-TOK-Exhibition\\\\functions\\\\node_modules\\\\firebase-functions\\\\lib\\\\index.js\"}}"}}
[debug] [2021-05-05T19:00:06.456Z] [runtime-status] [18116] Resolved module firebase-functions {"declared":true,"installed":true,"version":"3.13.2","resolution":"C:\\Users\\jessi\\Documents\\PROGRAMMING\\CB-TOK-Exhibition\\functions\\node_modules\\firebase-functions\\lib\\index.js"} {"metadata":{"emulator":{"name":"functions"},"message":"[runtime-status] [18116] Resolved module firebase-functions {\"declared\":true,\"installed\":true,\"version\":\"3.13.2\",\"resolution\":\"C:\\\\Users\\\\jessi\\\\Documents\\\\PROGRAMMING\\\\CB-TOK-Exhibition\\\\functions\\\\node_modules\\\\firebase-functions\\\\lib\\\\index.js\"}"}}
[debug] [2021-05-05T19:00:06.457Z] [runtime-status] [18116] Resolved module firebase-admin {"declared":true,"installed":true,"version":"9.6.0","resolution":"C:\\Users\\jessi\\Documents\\PROGRAMMING\\CB-TOK-Exhibition\\functions\\node_modules\\firebase-admin\\lib\\index.js"} {"metadata":{"emulator":{"name":"functions"},"message":"[runtime-status] [18116] Resolved module firebase-admin {\"declared\":true,\"installed\":true,\"version\":\"9.6.0\",\"resolution\":\"C:\\\\Users\\\\jessi\\\\Documents\\\\PROGRAMMING\\\\CB-TOK-Exhibition\\\\functions\\\\node_modules\\\\firebase-admin\\\\lib\\\\index.js\"}"}}
[debug] [2021-05-05T19:00:06.458Z] [runtime-status] [18116] Resolved module firebase-functions {"declared":true,"installed":true,"version":"3.13.2","resolution":"C:\\Users\\jessi\\Documents\\PROGRAMMING\\CB-TOK-Exhibition\\functions\\node_modules\\firebase-functions\\lib\\index.js"} {"metadata":{"emulator":{"name":"functions"},"message":"[runtime-status] [18116] Resolved module firebase-functions {\"declared\":true,\"installed\":true,\"version\":\"3.13.2\",\"resolution\":\"C:\\\\Users\\\\jessi\\\\Documents\\\\PROGRAMMING\\\\CB-TOK-Exhibition\\\\functions\\\\node_modules\\\\firebase-functions\\\\lib\\\\index.js\"}"}}
[debug] [2021-05-05T19:00:06.458Z] [runtime-status] [18116] firebase-admin has been stubbed. {"adminResolution":{"declared":true,"installed":true,"version":"9.6.0","resolution":"C:\\Users\\jessi\\Documents\\PROGRAMMING\\CB-TOK-Exhibition\\functions\\node_modules\\firebase-admin\\lib\\index.js"}} {"metadata":{"emulator":{"name":"functions"},"message":"[runtime-status] [18116] firebase-admin has been stubbed. {\"adminResolution\":{\"declared\":true,\"installed\":true,\"version\":\"9.6.0\",\"resolution\":\"C:\\\\Users\\\\jessi\\\\Documents\\\\PROGRAMMING\\\\CB-TOK-Exhibition\\\\functions\\\\node_modules\\\\firebase-admin\\\\lib\\\\index.js\"}}"}}
[debug] [2021-05-05T19:00:06.605Z] [worker-~diagnostic~-a060abac-d995-4cb2-a2ff-e72eaab4a5ea]: IDLE {"metadata":{"emulator":{"name":"functions"},"message":"[worker-~diagnostic~-a060abac-d995-4cb2-a2ff-e72eaab4a5ea]: IDLE"}}
[debug] [2021-05-05T19:01:23.875Z] [work-queue] {"queueLength":1,"workRunningCount":0}
[debug] [2021-05-05T19:01:23.876Z] [work-queue] {"queueLength":0,"workRunningCount":1}
[debug] [2021-05-05T19:01:23.876Z] Accepted request GET /cb-tok-exhibition/us-central1/ftp/write --> ftp
[debug] [2021-05-05T19:01:23.876Z] [worker-pool] Cleaned up workers for ~diagnostic~: 2 --> 1 {"metadata":{"emulator":{"name":"functions"},"message":"[worker-pool] Cleaned up workers for ~diagnostic~: 2 --> 1"}}
[debug] [2021-05-05T19:01:23.883Z] [worker-pool] addWorker(ftp) {"metadata":{"emulator":{"name":"functions"},"message":"[worker-pool] addWorker(ftp)"}}
[debug] [2021-05-05T19:01:23.883Z] [worker-pool] Adding worker with key ftp, total=1 {"metadata":{"emulator":{"name":"functions"},"message":"[worker-pool] Adding worker with key ftp, total=1"}}
[debug] [2021-05-05T19:01:23.883Z] [worker-pool] submitWork(triggerId=ftp) {"metadata":{"emulator":{"name":"functions"},"message":"[worker-pool] submitWork(triggerId=ftp)"}}
[debug] [2021-05-05T19:01:23.884Z] [worker-ftp-85001f71-df02-4a6d-b343-a30a458288a5]: Assigning socketPath: \\?\pipe\C:\Users\jessi\Documents\PROGRAMMING\CB-TOK-Exhibition\functions\12616 {"metadata":{"emulator":{"name":"functions"},"message":"[worker-ftp-85001f71-df02-4a6d-b343-a30a458288a5]: Assigning socketPath: \\\\?\\pipe\\C:\\Users\\jessi\\Documents\\PROGRAMMING\\CB-TOK-Exhibition\\functions\\12616"}}
[debug] [2021-05-05T19:01:23.884Z] [worker-ftp-85001f71-df02-4a6d-b343-a30a458288a5]: BUSY {"metadata":{"emulator":{"name":"functions"},"message":"[worker-ftp-85001f71-df02-4a6d-b343-a30a458288a5]: BUSY"}}
[debug] [2021-05-05T19:01:24.259Z] [runtime-status] [12616] Functions runtime initialized. {"cwd":"C:\\Users\\jessi\\Documents\\PROGRAMMING\\CB-TOK-Exhibition\\functions","node_version":"14.16.1"} {"metadata":{"emulator":{"name":"functions"},"function":{"name":"ftp"},"message":"[runtime-status] [12616] Functions runtime initialized. {\"cwd\":\"C:\\\\Users\\\\jessi\\\\Documents\\\\PROGRAMMING\\\\CB-TOK-Exhibition\\\\functions\",\"node_version\":\"14.16.1\"}"}}
[debug] [2021-05-05T19:01:24.262Z] [runtime-status] [12616] Disabled runtime features: undefined {"metadata":{"emulator":{"name":"functions"},"function":{"name":"ftp"},"message":"[runtime-status] [12616] Disabled runtime features: undefined"}}
[debug] [2021-05-05T19:01:24.267Z] [runtime-status] [12616] Resolved module firebase-admin {"declared":true,"installed":true,"version":"9.6.0","resolution":"C:\\Users\\jessi\\Documents\\PROGRAMMING\\CB-TOK-Exhibition\\functions\\node_modules\\firebase-admin\\lib\\index.js"} {"metadata":{"emulator":{"name":"functions"},"function":{"name":"ftp"},"message":"[runtime-status] [12616] Resolved module firebase-admin {\"declared\":true,\"installed\":true,\"version\":\"9.6.0\",\"resolution\":\"C:\\\\Users\\\\jessi\\\\Documents\\\\PROGRAMMING\\\\CB-TOK-Exhibition\\\\functions\\\\node_modules\\\\firebase-admin\\\\lib\\\\index.js\"}"}}
[debug] [2021-05-05T19:01:24.270Z] [runtime-status] [12616] Resolved module firebase-functions {"declared":true,"installed":true,"version":"3.13.2","resolution":"C:\\Users\\jessi\\Documents\\PROGRAMMING\\CB-TOK-Exhibition\\functions\\node_modules\\firebase-functions\\lib\\index.js"} {"metadata":{"emulator":{"name":"functions"},"function":{"name":"ftp"},"message":"[runtime-status] [12616] Resolved module firebase-functions {\"declared\":true,\"installed\":true,\"version\":\"3.13.2\",\"resolution\":\"C:\\\\Users\\\\jessi\\\\Documents\\\\PROGRAMMING\\\\CB-TOK-Exhibition\\\\functions\\\\node_modules\\\\firebase-functions\\\\lib\\\\index.js\"}"}}
[debug] [2021-05-05T19:01:24.274Z] [runtime-status] [12616] Resolved module firebase-functions {"declared":true,"installed":true,"version":"3.13.2","resolution":"C:\\Users\\jessi\\Documents\\PROGRAMMING\\CB-TOK-Exhibition\\functions\\node_modules\\firebase-functions\\lib\\index.js"} {"metadata":{"emulator":{"name":"functions"},"function":{"name":"ftp"},"message":"[runtime-status] [12616] Resolved module firebase-functions {\"declared\":true,\"installed\":true,\"version\":\"3.13.2\",\"resolution\":\"C:\\\\Users\\\\jessi\\\\Documents\\\\PROGRAMMING\\\\CB-TOK-Exhibition\\\\functions\\\\node_modules\\\\firebase-functions\\\\lib\\\\index.js\"}"}}
[debug] [2021-05-05T19:01:24.277Z] [runtime-status] [12616] Outgoing network have been stubbed. [{"name":"http","status":"mocked"},{"name":"http","status":"mocked"},{"name":"https","status":"mocked"},{"name":"https","status":"mocked"},{"name":"net","status":"mocked"}] {"metadata":{"emulator":{"name":"functions"},"function":{"name":"ftp"},"message":"[runtime-status] [12616] Outgoing network have been stubbed. [{\"name\":\"http\",\"status\":\"mocked\"},{\"name\":\"http\",\"status\":\"mocked\"},{\"name\":\"https\",\"status\":\"mocked\"},{\"name\":\"https\",\"status\":\"mocked\"},{\"name\":\"net\",\"status\":\"mocked\"}]"}}
[debug] [2021-05-05T19:01:24.277Z] [runtime-status] [12616] Resolved module firebase-functions {"declared":true,"installed":true,"version":"3.13.2","resolution":"C:\\Users\\jessi\\Documents\\PROGRAMMING\\CB-TOK-Exhibition\\functions\\node_modules\\firebase-functions\\lib\\index.js"} {"metadata":{"emulator":{"name":"functions"},"function":{"name":"ftp"},"message":"[runtime-status] [12616] Resolved module firebase-functions {\"declared\":true,\"installed\":true,\"version\":\"3.13.2\",\"resolution\":\"C:\\\\Users\\\\jessi\\\\Documents\\\\PROGRAMMING\\\\CB-TOK-Exhibition\\\\functions\\\\node_modules\\\\firebase-functions\\\\lib\\\\index.js\"}"}}
[debug] [2021-05-05T19:01:24.354Z] [runtime-status] [12616] Checked functions.config() {"config":{}} {"metadata":{"emulator":{"name":"functions"},"function":{"name":"ftp"},"message":"[runtime-status] [12616] Checked functions.config() {\"config\":{}}"}}
[debug] [2021-05-05T19:01:24.355Z] [runtime-status] [12616] firebase-functions has been stubbed. {"functionsResolution":{"declared":true,"installed":true,"version":"3.13.2","resolution":"C:\\Users\\jessi\\Documents\\PROGRAMMING\\CB-TOK-Exhibition\\functions\\node_modules\\firebase-functions\\lib\\index.js"}} {"metadata":{"emulator":{"name":"functions"},"function":{"name":"ftp"},"message":"[runtime-status] [12616] firebase-functions has been stubbed. {\"functionsResolution\":{\"declared\":true,\"installed\":true,\"version\":\"3.13.2\",\"resolution\":\"C:\\\\Users\\\\jessi\\\\Documents\\\\PROGRAMMING\\\\CB-TOK-Exhibition\\\\functions\\\\node_modules\\\\firebase-functions\\\\lib\\\\index.js\"}}"}}
[debug] [2021-05-05T19:01:24.356Z] [runtime-status] [12616] Resolved module firebase-functions {"declared":true,"installed":true,"version":"3.13.2","resolution":"C:\\Users\\jessi\\Documents\\PROGRAMMING\\CB-TOK-Exhibition\\functions\\node_modules\\firebase-functions\\lib\\index.js"} {"metadata":{"emulator":{"name":"functions"},"function":{"name":"ftp"},"message":"[runtime-status] [12616] Resolved module firebase-functions {\"declared\":true,\"installed\":true,\"version\":\"3.13.2\",\"resolution\":\"C:\\\\Users\\\\jessi\\\\Documents\\\\PROGRAMMING\\\\CB-TOK-Exhibition\\\\functions\\\\node_modules\\\\firebase-functions\\\\lib\\\\index.js\"}"}}
[debug] [2021-05-05T19:01:24.358Z] [runtime-status] [12616] Resolved module firebase-admin {"declared":true,"installed":true,"version":"9.6.0","resolution":"C:\\Users\\jessi\\Documents\\PROGRAMMING\\CB-TOK-Exhibition\\functions\\node_modules\\firebase-admin\\lib\\index.js"} {"metadata":{"emulator":{"name":"functions"},"function":{"name":"ftp"},"message":"[runtime-status] [12616] Resolved module firebase-admin {\"declared\":true,\"installed\":true,\"version\":\"9.6.0\",\"resolution\":\"C:\\\\Users\\\\jessi\\\\Documents\\\\PROGRAMMING\\\\CB-TOK-Exhibition\\\\functions\\\\node_modules\\\\firebase-admin\\\\lib\\\\index.js\"}"}}
[debug] [2021-05-05T19:01:24.359Z] [runtime-status] [12616] Resolved module firebase-functions {"declared":true,"installed":true,"version":"3.13.2","resolution":"C:\\Users\\jessi\\Documents\\PROGRAMMING\\CB-TOK-Exhibition\\functions\\node_modules\\firebase-functions\\lib\\index.js"} {"metadata":{"emulator":{"name":"functions"},"function":{"name":"ftp"},"message":"[runtime-status] [12616] Resolved module firebase-functions {\"declared\":true,\"installed\":true,\"version\":\"3.13.2\",\"resolution\":\"C:\\\\Users\\\\jessi\\\\Documents\\\\PROGRAMMING\\\\CB-TOK-Exhibition\\\\functions\\\\node_modules\\\\firebase-functions\\\\lib\\\\index.js\"}"}}
[debug] [2021-05-05T19:01:24.359Z] [runtime-status] [12616] firebase-admin has been stubbed. {"adminResolution":{"declared":true,"installed":true,"version":"9.6.0","resolution":"C:\\Users\\jessi\\Documents\\PROGRAMMING\\CB-TOK-Exhibition\\functions\\node_modules\\firebase-admin\\lib\\index.js"}} {"metadata":{"emulator":{"name":"functions"},"function":{"name":"ftp"},"message":"[runtime-status] [12616] firebase-admin has been stubbed. {\"adminResolution\":{\"declared\":true,\"installed\":true,\"version\":\"9.6.0\",\"resolution\":\"C:\\\\Users\\\\jessi\\\\Documents\\\\PROGRAMMING\\\\CB-TOK-Exhibition\\\\functions\\\\node_modules\\\\firebase-admin\\\\lib\\\\index.js\"}}"}}
[debug] [2021-05-05T19:01:24.590Z] [runtime-status] [12616] Trigger "ftp" has been found, beginning invocation! {"metadata":{"emulator":{"name":"functions"},"function":{"name":"ftp"},"message":"[runtime-status] [12616] Trigger \"ftp\" has been found, beginning invocation!"}}
[info] i  functions: Beginning execution of "ftp" {"metadata":{"emulator":{"name":"functions"},"function":{"name":"ftp"},"message":"Beginning execution of \"ftp\""}}
[debug] [2021-05-05T19:01:24.593Z] [runtime-status] [12616] triggerDefinition {"httpsTrigger":{},"name":"ftp","entryPoint":"ftp"} {"metadata":{"emulator":{"name":"functions"},"function":{"name":"ftp"},"message":"[runtime-status] [12616] triggerDefinition {\"httpsTrigger\":{},\"name\":\"ftp\",\"entryPoint\":\"ftp\"}"}}
[debug] [2021-05-05T19:01:24.594Z] [runtime-status] [12616] Running ftp in mode HTTPS {"metadata":{"emulator":{"name":"functions"},"function":{"name":"ftp"},"message":"[runtime-status] [12616] Running ftp in mode HTTPS"}}
[debug] [2021-05-05T19:01:24.599Z] [runtime-status] [12616] Attempting to listen to socketPath: \\?\pipe\C:\Users\jessi\Documents\PROGRAMMING\CB-TOK-Exhibition\functions\12616 {"metadata":{"emulator":{"name":"functions"},"function":{"name":"ftp"},"message":"[runtime-status] [12616] Attempting to listen to socketPath: \\\\?\\pipe\\C:\\Users\\jessi\\Documents\\PROGRAMMING\\CB-TOK-Exhibition\\functions\\12616"}}
[debug] [2021-05-05T19:01:24.606Z] [functions] Runtime ready! Sending request! {"metadata":{"emulator":{"name":"functions"},"message":"[functions] Runtime ready! Sending request!"}}
[debug] [2021-05-05T19:01:24.608Z] [functions] Got req.url=/cb-tok-exhibition/us-central1/ftp/write, mapping to path=/write {"metadata":{"emulator":{"name":"functions"},"message":"[functions] Got req.url=/cb-tok-exhibition/us-central1/ftp/write, mapping to path=/write"}}
[debug] [2021-05-05T19:01:24.628Z] [runtime-status] [12616] Ephemeral server handling GET request {"metadata":{"emulator":{"name":"functions"},"function":{"name":"ftp"},"message":"[runtime-status] [12616] Ephemeral server handling GET request"}}
[debug] [2021-05-05T19:01:24.657Z] [runtime-status] [12616] Ephemeral server survived. {"metadata":{"emulator":{"name":"functions"},"function":{"name":"ftp"},"message":"[runtime-status] [12616] Ephemeral server survived."}}
[info] i  functions: Finished "ftp" in ~1s {"metadata":{"emulator":{"name":"functions"},"function":{"name":"ftp"},"message":"Finished \"ftp\" in ~1s"}}
[debug] [2021-05-05T19:01:25.192Z] [worker-ftp-85001f71-df02-4a6d-b343-a30a458288a5]: IDLE {"metadata":{"emulator":{"name":"functions"},"message":"[worker-ftp-85001f71-df02-4a6d-b343-a30a458288a5]: IDLE"}}
[debug] [2021-05-05T19:01:25.192Z] [work-queue] {"queueLength":0,"workRunningCount":0}
[debug] [2021-05-05T19:02:30.346Z] File C:\Users\jessi\Documents\PROGRAMMING\CB-TOK-Exhibition\functions\src\index.ts changed, reloading triggers {"metadata":{"emulator":{"name":"functions"},"message":"File C:\\Users\\jessi\\Documents\\PROGRAMMING\\CB-TOK-Exhibition\\functions\\src\\index.ts changed, reloading triggers"}}
[debug] [2021-05-05T19:02:30.956Z] File C:\Users\jessi\Documents\PROGRAMMING\CB-TOK-Exhibition\functions\lib\index.js.map changed, reloading triggers {"metadata":{"emulator":{"name":"functions"},"message":"File C:\\Users\\jessi\\Documents\\PROGRAMMING\\CB-TOK-Exhibition\\functions\\lib\\index.js.map changed, reloading triggers"}}
[debug] [2021-05-05T19:02:30.960Z] File C:\Users\jessi\Documents\PROGRAMMING\CB-TOK-Exhibition\functions\lib\index.js changed, reloading triggers {"metadata":{"emulator":{"name":"functions"},"message":"File C:\\Users\\jessi\\Documents\\PROGRAMMING\\CB-TOK-Exhibition\\functions\\lib\\index.js changed, reloading triggers"}}
[debug] [2021-05-05T19:02:31.960Z] [worker-pool] Shutting down IDLE worker (~diagnostic~) {"metadata":{"emulator":{"name":"functions"},"message":"[worker-pool] Shutting down IDLE worker (~diagnostic~)"}}
[debug] [2021-05-05T19:02:31.960Z] [worker-~diagnostic~-a060abac-d995-4cb2-a2ff-e72eaab4a5ea]: FINISHING {"metadata":{"emulator":{"name":"functions"},"message":"[worker-~diagnostic~-a060abac-d995-4cb2-a2ff-e72eaab4a5ea]: FINISHING"}}
[debug] [2021-05-05T19:02:31.961Z] [worker-pool] Shutting down IDLE worker (ftp) {"metadata":{"emulator":{"name":"functions"},"message":"[worker-pool] Shutting down IDLE worker (ftp)"}}
[debug] [2021-05-05T19:02:31.961Z] [worker-ftp-85001f71-df02-4a6d-b343-a30a458288a5]: FINISHING {"metadata":{"emulator":{"name":"functions"},"message":"[worker-ftp-85001f71-df02-4a6d-b343-a30a458288a5]: FINISHING"}}
[debug] [2021-05-05T19:02:31.966Z] [worker-pool] addWorker(~diagnostic~) {"metadata":{"emulator":{"name":"functions"},"message":"[worker-pool] addWorker(~diagnostic~)"}}
[debug] [2021-05-05T19:02:31.966Z] [worker-pool] Adding worker with key ~diagnostic~, total=2 {"metadata":{"emulator":{"name":"functions"},"message":"[worker-pool] Adding worker with key ~diagnostic~, total=2"}}
[debug] [2021-05-05T19:02:31.966Z] [worker-pool] submitWork(triggerId=) {"metadata":{"emulator":{"name":"functions"},"message":"[worker-pool] submitWork(triggerId=)"}}
[debug] [2021-05-05T19:02:31.966Z] [worker-~diagnostic~-1ef77c6e-4658-4578-ab79-9ee7c91fdd4e]: Assigning socketPath: \\?\pipe\C:\Users\jessi\Documents\PROGRAMMING\CB-TOK-Exhibition\functions\6988 {"metadata":{"emulator":{"name":"functions"},"message":"[worker-~diagnostic~-1ef77c6e-4658-4578-ab79-9ee7c91fdd4e]: Assigning socketPath: \\\\?\\pipe\\C:\\Users\\jessi\\Documents\\PROGRAMMING\\CB-TOK-Exhibition\\functions\\6988"}}
[debug] [2021-05-05T19:02:31.967Z] [worker-~diagnostic~-1ef77c6e-4658-4578-ab79-9ee7c91fdd4e]: BUSY {"metadata":{"emulator":{"name":"functions"},"message":"[worker-~diagnostic~-1ef77c6e-4658-4578-ab79-9ee7c91fdd4e]: BUSY"}}
[debug] [2021-05-05T19:02:31.968Z] [worker-~diagnostic~-a060abac-d995-4cb2-a2ff-e72eaab4a5ea]: exited {"metadata":{"emulator":{"name":"functions"},"message":"[worker-~diagnostic~-a060abac-d995-4cb2-a2ff-e72eaab4a5ea]: exited"}}
[debug] [2021-05-05T19:02:31.968Z] [worker-~diagnostic~-a060abac-d995-4cb2-a2ff-e72eaab4a5ea]: FINISHED {"metadata":{"emulator":{"name":"functions"},"message":"[worker-~diagnostic~-a060abac-d995-4cb2-a2ff-e72eaab4a5ea]: FINISHED"}}
[debug] [2021-05-05T19:02:31.968Z] [worker-ftp-85001f71-df02-4a6d-b343-a30a458288a5]: exited {"metadata":{"emulator":{"name":"functions"},"message":"[worker-ftp-85001f71-df02-4a6d-b343-a30a458288a5]: exited"}}
[debug] [2021-05-05T19:02:31.968Z] [worker-ftp-85001f71-df02-4a6d-b343-a30a458288a5]: FINISHED {"metadata":{"emulator":{"name":"functions"},"message":"[worker-ftp-85001f71-df02-4a6d-b343-a30a458288a5]: FINISHED"}}
[debug] [2021-05-05T19:02:32.244Z] [runtime-status] [6988] Functions runtime initialized. {"cwd":"C:\\Users\\jessi\\Documents\\PROGRAMMING\\CB-TOK-Exhibition\\functions","node_version":"14.16.1"} {"metadata":{"emulator":{"name":"functions"},"message":"[runtime-status] [6988] Functions runtime initialized. {\"cwd\":\"C:\\\\Users\\\\jessi\\\\Documents\\\\PROGRAMMING\\\\CB-TOK-Exhibition\\\\functions\",\"node_version\":\"14.16.1\"}"}}
[debug] [2021-05-05T19:02:32.246Z] [runtime-status] [6988] Disabled runtime features: undefined {"metadata":{"emulator":{"name":"functions"},"message":"[runtime-status] [6988] Disabled runtime features: undefined"}}
[debug] [2021-05-05T19:02:32.252Z] [runtime-status] [6988] Resolved module firebase-admin {"declared":true,"installed":true,"version":"9.6.0","resolution":"C:\\Users\\jessi\\Documents\\PROGRAMMING\\CB-TOK-Exhibition\\functions\\node_modules\\firebase-admin\\lib\\index.js"} {"metadata":{"emulator":{"name":"functions"},"message":"[runtime-status] [6988] Resolved module firebase-admin {\"declared\":true,\"installed\":true,\"version\":\"9.6.0\",\"resolution\":\"C:\\\\Users\\\\jessi\\\\Documents\\\\PROGRAMMING\\\\CB-TOK-Exhibition\\\\functions\\\\node_modules\\\\firebase-admin\\\\lib\\\\index.js\"}"}}
[debug] [2021-05-05T19:02:32.255Z] [runtime-status] [6988] Resolved module firebase-functions {"declared":true,"installed":true,"version":"3.13.2","resolution":"C:\\Users\\jessi\\Documents\\PROGRAMMING\\CB-TOK-Exhibition\\functions\\node_modules\\firebase-functions\\lib\\index.js"} {"metadata":{"emulator":{"name":"functions"},"message":"[runtime-status] [6988] Resolved module firebase-functions {\"declared\":true,\"installed\":true,\"version\":\"3.13.2\",\"resolution\":\"C:\\\\Users\\\\jessi\\\\Documents\\\\PROGRAMMING\\\\CB-TOK-Exhibition\\\\functions\\\\node_modules\\\\firebase-functions\\\\lib\\\\index.js\"}"}}
[debug] [2021-05-05T19:02:32.257Z] [runtime-status] [6988] Resolved module firebase-functions {"declared":true,"installed":true,"version":"3.13.2","resolution":"C:\\Users\\jessi\\Documents\\PROGRAMMING\\CB-TOK-Exhibition\\functions\\node_modules\\firebase-functions\\lib\\index.js"} {"metadata":{"emulator":{"name":"functions"},"message":"[runtime-status] [6988] Resolved module firebase-functions {\"declared\":true,\"installed\":true,\"version\":\"3.13.2\",\"resolution\":\"C:\\\\Users\\\\jessi\\\\Documents\\\\PROGRAMMING\\\\CB-TOK-Exhibition\\\\functions\\\\node_modules\\\\firebase-functions\\\\lib\\\\index.js\"}"}}
[debug] [2021-05-05T19:02:32.259Z] [runtime-status] [6988] Outgoing network have been stubbed. [{"name":"http","status":"mocked"},{"name":"http","status":"mocked"},{"name":"https","status":"mocked"},{"name":"https","status":"mocked"},{"name":"net","status":"mocked"}] {"metadata":{"emulator":{"name":"functions"},"message":"[runtime-status] [6988] Outgoing network have been stubbed. [{\"name\":\"http\",\"status\":\"mocked\"},{\"name\":\"http\",\"status\":\"mocked\"},{\"name\":\"https\",\"status\":\"mocked\"},{\"name\":\"https\",\"status\":\"mocked\"},{\"name\":\"net\",\"status\":\"mocked\"}]"}}
[debug] [2021-05-05T19:02:32.261Z] [runtime-status] [6988] Resolved module firebase-functions {"declared":true,"installed":true,"version":"3.13.2","resolution":"C:\\Users\\jessi\\Documents\\PROGRAMMING\\CB-TOK-Exhibition\\functions\\node_modules\\firebase-functions\\lib\\index.js"} {"metadata":{"emulator":{"name":"functions"},"message":"[runtime-status] [6988] Resolved module firebase-functions {\"declared\":true,\"installed\":true,\"version\":\"3.13.2\",\"resolution\":\"C:\\\\Users\\\\jessi\\\\Documents\\\\PROGRAMMING\\\\CB-TOK-Exhibition\\\\functions\\\\node_modules\\\\firebase-functions\\\\lib\\\\index.js\"}"}}
[debug] [2021-05-05T19:02:32.343Z] [runtime-status] [6988] Checked functions.config() {"config":{}} {"metadata":{"emulator":{"name":"functions"},"message":"[runtime-status] [6988] Checked functions.config() {\"config\":{}}"}}
[debug] [2021-05-05T19:02:32.344Z] [runtime-status] [6988] firebase-functions has been stubbed. {"functionsResolution":{"declared":true,"installed":true,"version":"3.13.2","resolution":"C:\\Users\\jessi\\Documents\\PROGRAMMING\\CB-TOK-Exhibition\\functions\\node_modules\\firebase-functions\\lib\\index.js"}} {"metadata":{"emulator":{"name":"functions"},"message":"[runtime-status] [6988] firebase-functions has been stubbed. {\"functionsResolution\":{\"declared\":true,\"installed\":true,\"version\":\"3.13.2\",\"resolution\":\"C:\\\\Users\\\\jessi\\\\Documents\\\\PROGRAMMING\\\\CB-TOK-Exhibition\\\\functions\\\\node_modules\\\\firebase-functions\\\\lib\\\\index.js\"}}"}}
[debug] [2021-05-05T19:02:32.344Z] [runtime-status] [6988] Resolved module firebase-functions {"declared":true,"installed":true,"version":"3.13.2","resolution":"C:\\Users\\jessi\\Documents\\PROGRAMMING\\CB-TOK-Exhibition\\functions\\node_modules\\firebase-functions\\lib\\index.js"} {"metadata":{"emulator":{"name":"functions"},"message":"[runtime-status] [6988] Resolved module firebase-functions {\"declared\":true,\"installed\":true,\"version\":\"3.13.2\",\"resolution\":\"C:\\\\Users\\\\jessi\\\\Documents\\\\PROGRAMMING\\\\CB-TOK-Exhibition\\\\functions\\\\node_modules\\\\firebase-functions\\\\lib\\\\index.js\"}"}}
[debug] [2021-05-05T19:02:32.346Z] [runtime-status] [6988] Resolved module firebase-admin {"declared":true,"installed":true,"version":"9.6.0","resolution":"C:\\Users\\jessi\\Documents\\PROGRAMMING\\CB-TOK-Exhibition\\functions\\node_modules\\firebase-admin\\lib\\index.js"} {"metadata":{"emulator":{"name":"functions"},"message":"[runtime-status] [6988] Resolved module firebase-admin {\"declared\":true,\"installed\":true,\"version\":\"9.6.0\",\"resolution\":\"C:\\\\Users\\\\jessi\\\\Documents\\\\PROGRAMMING\\\\CB-TOK-Exhibition\\\\functions\\\\node_modules\\\\firebase-admin\\\\lib\\\\index.js\"}"}}
[debug] [2021-05-05T19:02:32.347Z] [runtime-status] [6988] Resolved module firebase-functions {"declared":true,"installed":true,"version":"3.13.2","resolution":"C:\\Users\\jessi\\Documents\\PROGRAMMING\\CB-TOK-Exhibition\\functions\\node_modules\\firebase-functions\\lib\\index.js"} {"metadata":{"emulator":{"name":"functions"},"message":"[runtime-status] [6988] Resolved module firebase-functions {\"declared\":true,\"installed\":true,\"version\":\"3.13.2\",\"resolution\":\"C:\\\\Users\\\\jessi\\\\Documents\\\\PROGRAMMING\\\\CB-TOK-Exhibition\\\\functions\\\\node_modules\\\\firebase-functions\\\\lib\\\\index.js\"}"}}
[debug] [2021-05-05T19:02:32.348Z] [runtime-status] [6988] firebase-admin has been stubbed. {"adminResolution":{"declared":true,"installed":true,"version":"9.6.0","resolution":"C:\\Users\\jessi\\Documents\\PROGRAMMING\\CB-TOK-Exhibition\\functions\\node_modules\\firebase-admin\\lib\\index.js"}} {"metadata":{"emulator":{"name":"functions"},"message":"[runtime-status] [6988] firebase-admin has been stubbed. {\"adminResolution\":{\"declared\":true,\"installed\":true,\"version\":\"9.6.0\",\"resolution\":\"C:\\\\Users\\\\jessi\\\\Documents\\\\PROGRAMMING\\\\CB-TOK-Exhibition\\\\functions\\\\node_modules\\\\firebase-admin\\\\lib\\\\index.js\"}}"}}
[debug] [2021-05-05T19:02:32.570Z] [worker-~diagnostic~-1ef77c6e-4658-4578-ab79-9ee7c91fdd4e]: IDLE {"metadata":{"emulator":{"name":"functions"},"message":"[worker-~diagnostic~-1ef77c6e-4658-4578-ab79-9ee7c91fdd4e]: IDLE"}}
[debug] [2021-05-05T19:02:35.599Z] [work-queue] {"queueLength":1,"workRunningCount":0}
[debug] [2021-05-05T19:02:35.599Z] [work-queue] {"queueLength":0,"workRunningCount":1}
[debug] [2021-05-05T19:02:35.599Z] Accepted request GET /cb-tok-exhibition/us-central1/ftp/write --> ftp
[debug] [2021-05-05T19:02:35.599Z] [worker-pool] Cleaned up workers for ~diagnostic~: 2 --> 1 {"metadata":{"emulator":{"name":"functions"},"message":"[worker-pool] Cleaned up workers for ~diagnostic~: 2 --> 1"}}
[debug] [2021-05-05T19:02:35.600Z] [worker-pool] Cleaned up workers for ftp: 1 --> 0 {"metadata":{"emulator":{"name":"functions"},"message":"[worker-pool] Cleaned up workers for ftp: 1 --> 0"}}
[debug] [2021-05-05T19:02:35.607Z] [worker-pool] addWorker(ftp) {"metadata":{"emulator":{"name":"functions"},"message":"[worker-pool] addWorker(ftp)"}}
[debug] [2021-05-05T19:02:35.607Z] [worker-pool] Adding worker with key ftp, total=1 {"metadata":{"emulator":{"name":"functions"},"message":"[worker-pool] Adding worker with key ftp, total=1"}}
[debug] [2021-05-05T19:02:35.607Z] [worker-pool] submitWork(triggerId=ftp) {"metadata":{"emulator":{"name":"functions"},"message":"[worker-pool] submitWork(triggerId=ftp)"}}
[debug] [2021-05-05T19:02:35.607Z] [worker-ftp-d28d4512-f49b-4e3e-a002-4f073462ab16]: Assigning socketPath: \\?\pipe\C:\Users\jessi\Documents\PROGRAMMING\CB-TOK-Exhibition\functions\3256 {"metadata":{"emulator":{"name":"functions"},"message":"[worker-ftp-d28d4512-f49b-4e3e-a002-4f073462ab16]: Assigning socketPath: \\\\?\\pipe\\C:\\Users\\jessi\\Documents\\PROGRAMMING\\CB-TOK-Exhibition\\functions\\3256"}}
[debug] [2021-05-05T19:02:35.607Z] [worker-ftp-d28d4512-f49b-4e3e-a002-4f073462ab16]: BUSY {"metadata":{"emulator":{"name":"functions"},"message":"[worker-ftp-d28d4512-f49b-4e3e-a002-4f073462ab16]: BUSY"}}
[debug] [2021-05-05T19:02:35.887Z] [runtime-status] [3256] Functions runtime initialized. {"cwd":"C:\\Users\\jessi\\Documents\\PROGRAMMING\\CB-TOK-Exhibition\\functions","node_version":"14.16.1"} {"metadata":{"emulator":{"name":"functions"},"function":{"name":"ftp"},"message":"[runtime-status] [3256] Functions runtime initialized. {\"cwd\":\"C:\\\\Users\\\\jessi\\\\Documents\\\\PROGRAMMING\\\\CB-TOK-Exhibition\\\\functions\",\"node_version\":\"14.16.1\"}"}}
[debug] [2021-05-05T19:02:35.890Z] [runtime-status] [3256] Disabled runtime features: undefined {"metadata":{"emulator":{"name":"functions"},"function":{"name":"ftp"},"message":"[runtime-status] [3256] Disabled runtime features: undefined"}}
[debug] [2021-05-05T19:02:35.893Z] [runtime-status] [3256] Resolved module firebase-admin {"declared":true,"installed":true,"version":"9.6.0","resolution":"C:\\Users\\jessi\\Documents\\PROGRAMMING\\CB-TOK-Exhibition\\functions\\node_modules\\firebase-admin\\lib\\index.js"} {"metadata":{"emulator":{"name":"functions"},"function":{"name":"ftp"},"message":"[runtime-status] [3256] Resolved module firebase-admin {\"declared\":true,\"installed\":true,\"version\":\"9.6.0\",\"resolution\":\"C:\\\\Users\\\\jessi\\\\Documents\\\\PROGRAMMING\\\\CB-TOK-Exhibition\\\\functions\\\\node_modules\\\\firebase-admin\\\\lib\\\\index.js\"}"}}
[debug] [2021-05-05T19:02:35.895Z] [runtime-status] [3256] Resolved module firebase-functions {"declared":true,"installed":true,"version":"3.13.2","resolution":"C:\\Users\\jessi\\Documents\\PROGRAMMING\\CB-TOK-Exhibition\\functions\\node_modules\\firebase-functions\\lib\\index.js"} {"metadata":{"emulator":{"name":"functions"},"function":{"name":"ftp"},"message":"[runtime-status] [3256] Resolved module firebase-functions {\"declared\":true,\"installed\":true,\"version\":\"3.13.2\",\"resolution\":\"C:\\\\Users\\\\jessi\\\\Documents\\\\PROGRAMMING\\\\CB-TOK-Exhibition\\\\functions\\\\node_modules\\\\firebase-functions\\\\lib\\\\index.js\"}"}}
[debug] [2021-05-05T19:02:35.897Z] [runtime-status] [3256] Resolved module firebase-functions {"declared":true,"installed":true,"version":"3.13.2","resolution":"C:\\Users\\jessi\\Documents\\PROGRAMMING\\CB-TOK-Exhibition\\functions\\node_modules\\firebase-functions\\lib\\index.js"} {"metadata":{"emulator":{"name":"functions"},"function":{"name":"ftp"},"message":"[runtime-status] [3256] Resolved module firebase-functions {\"declared\":true,\"installed\":true,\"version\":\"3.13.2\",\"resolution\":\"C:\\\\Users\\\\jessi\\\\Documents\\\\PROGRAMMING\\\\CB-TOK-Exhibition\\\\functions\\\\node_modules\\\\firebase-functions\\\\lib\\\\index.js\"}"}}
[debug] [2021-05-05T19:02:35.899Z] [runtime-status] [3256] Outgoing network have been stubbed. [{"name":"http","status":"mocked"},{"name":"http","status":"mocked"},{"name":"https","status":"mocked"},{"name":"https","status":"mocked"},{"name":"net","status":"mocked"}] {"metadata":{"emulator":{"name":"functions"},"function":{"name":"ftp"},"message":"[runtime-status] [3256] Outgoing network have been stubbed. [{\"name\":\"http\",\"status\":\"mocked\"},{\"name\":\"http\",\"status\":\"mocked\"},{\"name\":\"https\",\"status\":\"mocked\"},{\"name\":\"https\",\"status\":\"mocked\"},{\"name\":\"net\",\"status\":\"mocked\"}]"}}
[debug] [2021-05-05T19:02:35.899Z] [runtime-status] [3256] Resolved module firebase-functions {"declared":true,"installed":true,"version":"3.13.2","resolution":"C:\\Users\\jessi\\Documents\\PROGRAMMING\\CB-TOK-Exhibition\\functions\\node_modules\\firebase-functions\\lib\\index.js"} {"metadata":{"emulator":{"name":"functions"},"function":{"name":"ftp"},"message":"[runtime-status] [3256] Resolved module firebase-functions {\"declared\":true,\"installed\":true,\"version\":\"3.13.2\",\"resolution\":\"C:\\\\Users\\\\jessi\\\\Documents\\\\PROGRAMMING\\\\CB-TOK-Exhibition\\\\functions\\\\node_modules\\\\firebase-functions\\\\lib\\\\index.js\"}"}}
[debug] [2021-05-05T19:02:35.956Z] [runtime-status] [3256] Checked functions.config() {"config":{}} {"metadata":{"emulator":{"name":"functions"},"function":{"name":"ftp"},"message":"[runtime-status] [3256] Checked functions.config() {\"config\":{}}"}}
[debug] [2021-05-05T19:02:35.956Z] [runtime-status] [3256] firebase-functions has been stubbed. {"functionsResolution":{"declared":true,"installed":true,"version":"3.13.2","resolution":"C:\\Users\\jessi\\Documents\\PROGRAMMING\\CB-TOK-Exhibition\\functions\\node_modules\\firebase-functions\\lib\\index.js"}} {"metadata":{"emulator":{"name":"functions"},"function":{"name":"ftp"},"message":"[runtime-status] [3256] firebase-functions has been stubbed. {\"functionsResolution\":{\"declared\":true,\"installed\":true,\"version\":\"3.13.2\",\"resolution\":\"C:\\\\Users\\\\jessi\\\\Documents\\\\PROGRAMMING\\\\CB-TOK-Exhibition\\\\functions\\\\node_modules\\\\firebase-functions\\\\lib\\\\index.js\"}}"}}
[debug] [2021-05-05T19:02:35.957Z] [runtime-status] [3256] Resolved module firebase-functions {"declared":true,"installed":true,"version":"3.13.2","resolution":"C:\\Users\\jessi\\Documents\\PROGRAMMING\\CB-TOK-Exhibition\\functions\\node_modules\\firebase-functions\\lib\\index.js"} {"metadata":{"emulator":{"name":"functions"},"function":{"name":"ftp"},"message":"[runtime-status] [3256] Resolved module firebase-functions {\"declared\":true,\"installed\":true,\"version\":\"3.13.2\",\"resolution\":\"C:\\\\Users\\\\jessi\\\\Documents\\\\PROGRAMMING\\\\CB-TOK-Exhibition\\\\functions\\\\node_modules\\\\firebase-functions\\\\lib\\\\index.js\"}"}}
[debug] [2021-05-05T19:02:35.958Z] [runtime-status] [3256] Resolved module firebase-admin {"declared":true,"installed":true,"version":"9.6.0","resolution":"C:\\Users\\jessi\\Documents\\PROGRAMMING\\CB-TOK-Exhibition\\functions\\node_modules\\firebase-admin\\lib\\index.js"} {"metadata":{"emulator":{"name":"functions"},"function":{"name":"ftp"},"message":"[runtime-status] [3256] Resolved module firebase-admin {\"declared\":true,\"installed\":true,\"version\":\"9.6.0\",\"resolution\":\"C:\\\\Users\\\\jessi\\\\Documents\\\\PROGRAMMING\\\\CB-TOK-Exhibition\\\\functions\\\\node_modules\\\\firebase-admin\\\\lib\\\\index.js\"}"}}
[debug] [2021-05-05T19:02:35.959Z] [runtime-status] [3256] Resolved module firebase-functions {"declared":true,"installed":true,"version":"3.13.2","resolution":"C:\\Users\\jessi\\Documents\\PROGRAMMING\\CB-TOK-Exhibition\\functions\\node_modules\\firebase-functions\\lib\\index.js"} {"metadata":{"emulator":{"name":"functions"},"function":{"name":"ftp"},"message":"[runtime-status] [3256] Resolved module firebase-functions {\"declared\":true,\"installed\":true,\"version\":\"3.13.2\",\"resolution\":\"C:\\\\Users\\\\jessi\\\\Documents\\\\PROGRAMMING\\\\CB-TOK-Exhibition\\\\functions\\\\node_modules\\\\firebase-functions\\\\lib\\\\index.js\"}"}}
[debug] [2021-05-05T19:02:35.959Z] [runtime-status] [3256] firebase-admin has been stubbed. {"adminResolution":{"declared":true,"installed":true,"version":"9.6.0","resolution":"C:\\Users\\jessi\\Documents\\PROGRAMMING\\CB-TOK-Exhibition\\functions\\node_modules\\firebase-admin\\lib\\index.js"}} {"metadata":{"emulator":{"name":"functions"},"function":{"name":"ftp"},"message":"[runtime-status] [3256] firebase-admin has been stubbed. {\"adminResolution\":{\"declared\":true,\"installed\":true,\"version\":\"9.6.0\",\"resolution\":\"C:\\\\Users\\\\jessi\\\\Documents\\\\PROGRAMMING\\\\CB-TOK-Exhibition\\\\functions\\\\node_modules\\\\firebase-admin\\\\lib\\\\index.js\"}}"}}
[debug] [2021-05-05T19:02:36.127Z] [runtime-status] [3256] Trigger "ftp" has been found, beginning invocation! {"metadata":{"emulator":{"name":"functions"},"function":{"name":"ftp"},"message":"[runtime-status] [3256] Trigger \"ftp\" has been found, beginning invocation!"}}
[info] i  functions: Beginning execution of "ftp" {"metadata":{"emulator":{"name":"functions"},"function":{"name":"ftp"},"message":"Beginning execution of \"ftp\""}}
[debug] [2021-05-05T19:02:36.128Z] [runtime-status] [3256] triggerDefinition {"httpsTrigger":{},"name":"ftp","entryPoint":"ftp"} {"metadata":{"emulator":{"name":"functions"},"function":{"name":"ftp"},"message":"[runtime-status] [3256] triggerDefinition {\"httpsTrigger\":{},\"name\":\"ftp\",\"entryPoint\":\"ftp\"}"}}
[debug] [2021-05-05T19:02:36.128Z] [runtime-status] [3256] Running ftp in mode HTTPS {"metadata":{"emulator":{"name":"functions"},"function":{"name":"ftp"},"message":"[runtime-status] [3256] Running ftp in mode HTTPS"}}
[debug] [2021-05-05T19:02:36.133Z] [runtime-status] [3256] Attempting to listen to socketPath: \\?\pipe\C:\Users\jessi\Documents\PROGRAMMING\CB-TOK-Exhibition\functions\3256 {"metadata":{"emulator":{"name":"functions"},"function":{"name":"ftp"},"message":"[runtime-status] [3256] Attempting to listen to socketPath: \\\\?\\pipe\\C:\\Users\\jessi\\Documents\\PROGRAMMING\\CB-TOK-Exhibition\\functions\\3256"}}
[debug] [2021-05-05T19:02:36.138Z] [functions] Runtime ready! Sending request! {"metadata":{"emulator":{"name":"functions"},"message":"[functions] Runtime ready! Sending request!"}}
[debug] [2021-05-05T19:02:36.139Z] [functions] Got req.url=/cb-tok-exhibition/us-central1/ftp/write, mapping to path=/write {"metadata":{"emulator":{"name":"functions"},"message":"[functions] Got req.url=/cb-tok-exhibition/us-central1/ftp/write, mapping to path=/write"}}
[debug] [2021-05-05T19:02:36.161Z] [runtime-status] [3256] Ephemeral server handling GET request {"metadata":{"emulator":{"name":"functions"},"function":{"name":"ftp"},"message":"[runtime-status] [3256] Ephemeral server handling GET request"}}
[debug] [2021-05-05T19:02:36.181Z] [runtime-status] [3256] Ephemeral server survived. {"metadata":{"emulator":{"name":"functions"},"function":{"name":"ftp"},"message":"[runtime-status] [3256] Ephemeral server survived."}}
[info] i  functions: Finished "ftp" in ~1s {"metadata":{"emulator":{"name":"functions"},"function":{"name":"ftp"},"message":"Finished \"ftp\" in ~1s"}}
[debug] [2021-05-05T19:02:37.075Z] [worker-ftp-d28d4512-f49b-4e3e-a002-4f073462ab16]: IDLE {"metadata":{"emulator":{"name":"functions"},"message":"[worker-ftp-d28d4512-f49b-4e3e-a002-4f073462ab16]: IDLE"}}
[debug] [2021-05-05T19:02:37.076Z] [work-queue] {"queueLength":0,"workRunningCount":0}
